Performing C SOURCE FILE Test CMAKE_HAVE_LIBC_PTHREAD failed with the following output:
Change Dir: /home/bravery/CLionProjects/pkuSLAM/cmake-build-debug/CMakeFiles/CMakeTmp

Run Build Command(s):/usr/bin/make cmTC_38616/fast && /usr/bin/make -f CMakeFiles/cmTC_38616.dir/build.make CMakeFiles/cmTC_38616.dir/build
make[1]: Entering directory '/home/bravery/CLionProjects/pkuSLAM/cmake-build-debug/CMakeFiles/CMakeTmp'
Building C object CMakeFiles/cmTC_38616.dir/src.c.o
/usr/bin/cc   -DCMAKE_HAVE_LIBC_PTHREAD   -o CMakeFiles/cmTC_38616.dir/src.c.o   -c /home/bravery/CLionProjects/pkuSLAM/cmake-build-debug/CMakeFiles/CMakeTmp/src.c
Linking C executable cmTC_38616
/home/bravery/Downloads/clion-2019.3.4/bin/cmake/linux/bin/cmake -E cmake_link_script CMakeFiles/cmTC_38616.dir/link.txt --verbose=1
/usr/bin/cc  -DCMAKE_HAVE_LIBC_PTHREAD    -rdynamic CMakeFiles/cmTC_38616.dir/src.c.o  -o cmTC_38616 
CMakeFiles/cmTC_38616.dir/src.c.o：在函数‘main’中：
src.c:(.text+0x3c)：对‘pthread_create’未定义的引用
src.c:(.text+0x48)：对‘pthread_detach’未定义的引用
src.c:(.text+0x59)：对‘pthread_join’未定义的引用
src.c:(.text+0x6d)：对‘pthread_atfork’未定义的引用
collect2: error: ld returned 1 exit status
CMakeFiles/cmTC_38616.dir/build.make:86: recipe for target 'cmTC_38616' failed
make[1]: *** [cmTC_38616] Error 1
make[1]: Leaving directory '/home/bravery/CLionProjects/pkuSLAM/cmake-build-debug/CMakeFiles/CMakeTmp'
Makefile:121: recipe for target 'cmTC_38616/fast' failed
make: *** [cmTC_38616/fast] Error 2


Source file was:
#include <pthread.h>

void* test_func(void* data)
{
  return data;
}

int main(void)
{
  pthread_t thread;
  pthread_create(&thread, NULL, test_func, NULL);
  pthread_detach(thread);
  pthread_join(thread, NULL);
  pthread_atfork(NULL, NULL, NULL);
  pthread_exit(NULL);

  return 0;
}

Determining if the function pthread_create exists in the pthreads failed with the following output:
Change Dir: /home/bravery/CLionProjects/pkuSLAM/cmake-build-debug/CMakeFiles/CMakeTmp

Run Build Command(s):/usr/bin/make cmTC_a2650/fast && /usr/bin/make -f CMakeFiles/cmTC_a2650.dir/build.make CMakeFiles/cmTC_a2650.dir/build
make[1]: Entering directory '/home/bravery/CLionProjects/pkuSLAM/cmake-build-debug/CMakeFiles/CMakeTmp'
Building C object CMakeFiles/cmTC_a2650.dir/CheckFunctionExists.c.o
/usr/bin/cc   -DCHECK_FUNCTION_EXISTS=pthread_create   -o CMakeFiles/cmTC_a2650.dir/CheckFunctionExists.c.o   -c /home/bravery/Downloads/clion-2019.3.4/bin/cmake/linux/share/cmake-3.15/Modules/CheckFunctionExists.c
Linking C executable cmTC_a2650
/home/bravery/Downloads/clion-2019.3.4/bin/cmake/linux/bin/cmake -E cmake_link_script CMakeFiles/cmTC_a2650.dir/link.txt --verbose=1
/usr/bin/cc  -DCHECK_FUNCTION_EXISTS=pthread_create    -rdynamic CMakeFiles/cmTC_a2650.dir/CheckFunctionExists.c.o  -o cmTC_a2650 -lpthreads 
/usr/bin/ld: 找不到 -lpthreads
collect2: error: ld returned 1 exit status
CMakeFiles/cmTC_a2650.dir/build.make:86: recipe for target 'cmTC_a2650' failed
make[1]: *** [cmTC_a2650] Error 1
make[1]: Leaving directory '/home/bravery/CLionProjects/pkuSLAM/cmake-build-debug/CMakeFiles/CMakeTmp'
Makefile:121: recipe for target 'cmTC_a2650/fast' failed
make: *** [cmTC_a2650/fast] Error 2



